#
# There is insufficient memory for the Java Runtime Environment to continue.
# Native memory allocation (malloc) failed to allocate 502672 bytes for Chunk::new
# Possible reasons:
#   The system is out of physical RAM or swap space
#   In 32 bit mode, the process size limit was hit
# Possible solutions:
#   Reduce memory load on the system
#   Increase physical memory or swap space
#   Check if swap backing store is full
#   Use 64 bit Java on a 64 bit OS
#   Decrease Java heap size (-Xmx/-Xms)
#   Decrease number of Java threads
#   Decrease Java thread stack sizes (-Xss)
#   Set larger code cache with -XX:ReservedCodeCacheSize=
# This output file may be truncated or incomplete.
#
#  Out of Memory Error (allocation.cpp:390), pid=10016, tid=9932
#
# JRE version: Java(TM) SE Runtime Environment (8.0_20-b26) (build 1.8.0_20-b26)
# Java VM: Java HotSpot(TM) 64-Bit Server VM (25.20-b23 mixed mode windows-amd64 compressed oops)
# Failed to write core dump. Minidumps are not enabled by default on client versions of Windows
#

---------------  T H R E A D  ---------------

Current thread (0x0000000014ed6000):  JavaThread "C2 CompilerThread0" daemon [_thread_in_native, id=9932, stack(0x0000000015e00000,0x0000000015f00000)]

Stack: [0x0000000015e00000,0x0000000015f00000]
Native frames: (J=compiled Java code, j=interpreted, Vv=VM code, C=native code)
V  [jvm.dll+0x3152fa]
V  [jvm.dll+0x265d03]
V  [jvm.dll+0x266943]
V  [jvm.dll+0x25e265]
V  [jvm.dll+0xbe255]
V  [jvm.dll+0xbe6fc]
V  [jvm.dll+0x477e87]
V  [jvm.dll+0x444fab]
V  [jvm.dll+0x4500de]
V  [jvm.dll+0x4526c8]
V  [jvm.dll+0x435fc2]
V  [jvm.dll+0x97b62]
V  [jvm.dll+0x98353]
V  [jvm.dll+0x22aac4]
V  [jvm.dll+0x283f5a]
C  [msvcr100.dll+0x21d9f]
C  [msvcr100.dll+0x21e3b]
C  [KERNEL32.DLL+0x13d2]
C  [ntdll.dll+0x154e4]


Current CompileTask:
C2:   6445 1354       4       com.android.dx.ssa.SCCP::simulateBranch (666 bytes)


---------------  P R O C E S S  ---------------

Java Threads: ( => current thread )
  0x00000000164a5800 JavaThread "pool-1-thread-4" [_thread_in_vm, id=9332, stack(0x0000000016a00000,0x0000000016b00000)]
  0x00000000164a0000 JavaThread "pool-1-thread-3" [_thread_in_Java, id=9720, stack(0x0000000016900000,0x0000000016a00000)]
  0x000000001647a800 JavaThread "pool-1-thread-2" [_thread_in_Java, id=8716, stack(0x0000000016800000,0x0000000016900000)]
  0x0000000016473800 JavaThread "pool-2-thread-1" [_thread_blocked, id=1700, stack(0x0000000016700000,0x0000000016800000)]
  0x00000000163f7800 JavaThread "pool-1-thread-1" [_thread_in_Java, id=10132, stack(0x0000000016600000,0x0000000016700000)]
  0x0000000014f1c800 JavaThread "Service Thread" daemon [_thread_blocked, id=9356, stack(0x0000000016000000,0x0000000016100000)]
  0x0000000014ecf800 JavaThread "C1 CompilerThread1" daemon [_thread_blocked, id=7160, stack(0x0000000015f00000,0x0000000016000000)]
=>0x0000000014ed6000 JavaThread "C2 CompilerThread0" daemon [_thread_in_native, id=9932, stack(0x0000000015e00000,0x0000000015f00000)]
  0x0000000014ed4800 JavaThread "Attach Listener" daemon [_thread_blocked, id=3348, stack(0x0000000015d00000,0x0000000015e00000)]
  0x0000000014ed1000 JavaThread "Signal Dispatcher" daemon [_thread_blocked, id=8248, stack(0x0000000015c00000,0x0000000015d00000)]
  0x0000000014e8a800 JavaThread "Finalizer" daemon [_thread_blocked, id=8348, stack(0x0000000015b00000,0x0000000015c00000)]
  0x0000000014e82800 JavaThread "Reference Handler" daemon [_thread_blocked, id=808, stack(0x0000000015a00000,0x0000000015b00000)]
  0x0000000002942800 JavaThread "main" [_thread_in_Java, id=8924, stack(0x0000000002820000,0x0000000002920000)]

Other Threads:
  0x0000000014e7b800 VMThread [stack: 0x0000000015900000,0x0000000015a00000] [id=9708]
  0x0000000014f1d800 WatcherThread [stack: 0x0000000016100000,0x0000000016200000] [id=8616]

VM state:not at safepoint (normal execution)

VM Mutex/Monitor currently owned by a thread: None

Heap:
 PSYoungGen      total 35328K, used 29621K [0x00000000eab00000, 0x00000000ed000000, 0x0000000100000000)
  eden space 32768K, 82% used [0x00000000eab00000,0x00000000ec571420,0x00000000ecb00000)
  from space 2560K, 99% used [0x00000000ecd80000,0x00000000ecffc038,0x00000000ed000000)
  to   space 2560K, 0% used [0x00000000ecb00000,0x00000000ecb00000,0x00000000ecd80000)
 ParOldGen       total 44032K, used 3364K [0x00000000c0000000, 0x00000000c2b00000, 0x00000000eab00000)
  object space 44032K, 7% used [0x00000000c0000000,0x00000000c03492e0,0x00000000c2b00000)
 Metaspace       used 6182K, capacity 7088K, committed 7296K, reserved 1056768K
  class space    used 592K, capacity 616K, committed 640K, reserved 1048576K

Card table byte_map: [0x0000000011e00000,0x0000000012010000] byte_map_base: 0x0000000011800000

Marking Bits: (ParMarkBitMap*) 0x000000005326b460
 Begin Bits: [0x0000000012370000, 0x0000000013370000)
 End Bits:   [0x0000000013370000, 0x0000000014370000)

Polling page: 0x0000000000e40000

CodeCache: size=245760Kb used=6048Kb max_used=6048Kb free=239711Kb
 bounds [0x0000000002a40000, 0x0000000003030000, 0x0000000011a40000]
 total_blobs=1803 nmethods=1540 adapters=178
 compilation: enabled

Compilation events (10 events):
Event: 5.523 Thread 0x0000000014ecf800 1446       2       com.android.dx.cf.direct.StdAttributeFactory::lineNumberTable (204 bytes)
Event: 5.526 Thread 0x0000000014ecf800 nmethod 1446 0x0000000002fe9fd0 code [0x0000000002fea300, 0x0000000002feb3d8]
Event: 5.526 Thread 0x0000000014ecf800 1447       2       com.android.dx.cf.direct.StdAttributeFactory::code (613 bytes)
Event: 5.533 Thread 0x0000000014ecf800 nmethod 1447 0x0000000002fecb10 code [0x0000000002fed0e0, 0x0000000002fef578]
Event: 5.535 Thread 0x0000000014ecf800 1448       2       com.android.dx.cf.direct.StdAttributeFactory::localVariableTable (98 bytes)
Event: 5.536 Thread 0x0000000014ecf800 nmethod 1448 0x0000000002ff3850 code [0x0000000002ff3a60, 0x0000000002ff41b8]
Event: 5.537 Thread 0x0000000014ecf800 1449       2       com.android.dx.cf.attrib.RawAttribute::byteLength (11 bytes)
Event: 5.537 Thread 0x0000000014ecf800 nmethod 1449 0x0000000002ff4910 code [0x0000000002ff4a60, 0x0000000002ff4bb0]
Event: 5.537 Thread 0x0000000014ecf800 1450       2       com.android.dx.cf.iface.StdMethod::<init> (40 bytes)
Event: 5.538 Thread 0x0000000014ecf800 nmethod 1450 0x0000000002ff4c50 code [0x0000000002ff4e00, 0x0000000002ff5128]

GC Heap History (4 events):
Event: 2.049 GC heap before
{Heap before GC invocations=1 (full 0):
 PSYoungGen      total 18944K, used 16384K [0x00000000eab00000, 0x00000000ec000000, 0x0000000100000000)
  eden space 16384K, 100% used [0x00000000eab00000,0x00000000ebb00000,0x00000000ebb00000)
  from space 2560K, 0% used [0x00000000ebd80000,0x00000000ebd80000,0x00000000ec000000)
  to   space 2560K, 0% used [0x00000000ebb00000,0x00000000ebb00000,0x00000000ebd80000)
 ParOldGen       total 44032K, used 0K [0x00000000c0000000, 0x00000000c2b00000, 0x00000000eab00000)
  object space 44032K, 0% used [0x00000000c0000000,0x00000000c0000000,0x00000000c2b00000)
 Metaspace       used 5690K, capacity 6704K, committed 6784K, reserved 1056768K
  class space    used 583K, capacity 616K, committed 640K, reserved 1048576K
Event: 2.095 GC heap after
Heap after GC invocations=1 (full 0):
 PSYoungGen      total 18944K, used 2554K [0x00000000eab00000, 0x00000000ed000000, 0x0000000100000000)
  eden space 16384K, 0% used [0x00000000eab00000,0x00000000eab00000,0x00000000ebb00000)
  from space 2560K, 99% used [0x00000000ebb00000,0x00000000ebd7eab8,0x00000000ebd80000)
  to   space 2560K, 0% used [0x00000000ecd80000,0x00000000ecd80000,0x00000000ed000000)
 ParOldGen       total 44032K, used 1354K [0x00000000c0000000, 0x00000000c2b00000, 0x00000000eab00000)
  object space 44032K, 3% used [0x00000000c0000000,0x00000000c01529d8,0x00000000c2b00000)
 Metaspace       used 5690K, capacity 6704K, committed 6784K, reserved 1056768K
  class space    used 583K, capacity 616K, committed 640K, reserved 1048576K
}
Event: 5.351 GC heap before
{Heap before GC invocations=2 (full 0):
 PSYoungGen      total 18944K, used 18938K [0x00000000eab00000, 0x00000000ed000000, 0x0000000100000000)
  eden space 16384K, 100% used [0x00000000eab00000,0x00000000ebb00000,0x00000000ebb00000)
  from space 2560K, 99% used [0x00000000ebb00000,0x00000000ebd7eab8,0x00000000ebd80000)
  to   space 2560K, 0% used [0x00000000ecd80000,0x00000000ecd80000,0x00000000ed000000)
 ParOldGen       total 44032K, used 1354K [0x00000000c0000000, 0x00000000c2b00000, 0x00000000eab00000)
  object space 44032K, 3% used [0x00000000c0000000,0x00000000c01529d8,0x00000000c2b00000)
 Metaspace       used 6043K, capacity 6960K, committed 7040K, reserved 1056768K
  class space    used 590K, capacity 616K, committed 640K, reserved 1048576K
Event: 5.387 GC heap after
Heap after GC invocations=2 (full 0):
 PSYoungGen      total 35328K, used 2544K [0x00000000eab00000, 0x00000000ed000000, 0x0000000100000000)
  eden space 32768K, 0% used [0x00000000eab00000,0x00000000eab00000,0x00000000ecb00000)
  from space 2560K, 99% used [0x00000000ecd80000,0x00000000ecffc038,0x00000000ed000000)
  to   space 2560K, 0% used [0x00000000ecb00000,0x00000000ecb00000,0x00000000ecd80000)
 ParOldGen       total 44032K, used 3364K [0x00000000c0000000, 0x00000000c2b00000, 0x00000000eab00000)
  object space 44032K, 7% used [0x00000000c0000000,0x00000000c03492e0,0x00000000c2b00000)
 Metaspace       used 6043K, capacity 6960K, committed 7040K, reserved 1056768K
  class space    used 590K, capacity 616K, committed 640K, reserved 1048576K
}

Deoptimization events (9 events):
Event: 3.867 Thread 0x0000000002942800 Uncommon trap: reason=class_check action=maybe_recompile pc=0x0000000002f8107c method=com.android.dx.cf.code.BytecodeArray.parseInstruction(ILcom/android/dx/cf/code/BytecodeArray$Visitor;)I @ 2032
Event: 3.867 Thread 0x0000000002942800 Uncommon trap: reason=class_check action=maybe_recompile pc=0x0000000002f8107c method=com.android.dx.cf.code.BytecodeArray.parseInstruction(ILcom/android/dx/cf/code/BytecodeArray$Visitor;)I @ 2032
Event: 3.868 Thread 0x0000000002942800 Uncommon trap: reason=class_check action=maybe_recompile pc=0x0000000002f8107c method=com.android.dx.cf.code.BytecodeArray.parseInstruction(ILcom/android/dx/cf/code/BytecodeArray$Visitor;)I @ 2032
Event: 3.868 Thread 0x0000000002942800 Uncommon trap: reason=class_check action=maybe_recompile pc=0x0000000002f8107c method=com.android.dx.cf.code.BytecodeArray.parseInstruction(ILcom/android/dx/cf/code/BytecodeArray$Visitor;)I @ 2032
Event: 3.919 Thread 0x0000000002942800 Uncommon trap: reason=bimorphic action=maybe_recompile pc=0x0000000002f09568 method=java.util.HashMap.putVal(ILjava/lang/Object;Ljava/lang/Object;ZZ)Ljava/lang/Object; @ 91
Event: 3.919 Thread 0x0000000002942800 Uncommon trap: reason=bimorphic action=maybe_recompile pc=0x0000000002f09568 method=java.util.HashMap.putVal(ILjava/lang/Object;Ljava/lang/Object;ZZ)Ljava/lang/Object; @ 91
Event: 3.919 Thread 0x0000000002942800 Uncommon trap: reason=bimorphic action=maybe_recompile pc=0x0000000002f09568 method=java.util.HashMap.putVal(ILjava/lang/Object;Ljava/lang/Object;ZZ)Ljava/lang/Object; @ 91
Event: 3.920 Thread 0x0000000002942800 Uncommon trap: reason=unreached action=reinterpret pc=0x0000000002e6e69c method=com.android.dx.rop.cst.Constant.compareTo(Lcom/android/dx/rop/cst/Constant;)I @ 12
Event: 3.920 Thread 0x0000000002942800 Uncommon trap: reason=bimorphic action=maybe_recompile pc=0x0000000002f09568 method=java.util.HashMap.putVal(ILjava/lang/Object;Ljava/lang/Object;ZZ)Ljava/lang/Object; @ 91

Internal exceptions (10 events):
Event: 1.614 Thread 0x00000000163f7800 Exception <a 'java/security/PrivilegedActionException'> (0x00000000eb8a7648) thrown at [D:\re\workspace\8-2-build-windows-amd64-cygwin\jdk8u20\1074\hotspot\src\share\vm\prims\jvm.cpp, line 1275]
Event: 1.713 Thread 0x000000001647a800 Exception <a 'java/security/PrivilegedActionException'> (0x00000000eb7f07c8) thrown at [D:\re\workspace\8-2-build-windows-amd64-cygwin\jdk8u20\1074\hotspot\src\share\vm\prims\jvm.cpp, line 1275]
Event: 1.972 Thread 0x0000000002942800 Exception <a 'java/security/PrivilegedActionException'> (0x00000000eb9d7570) thrown at [D:\re\workspace\8-2-build-windows-amd64-cygwin\jdk8u20\1074\hotspot\src\share\vm\prims\jvm.cpp, line 1275]
Event: 2.212 Thread 0x00000000163f7800 Exception <a 'java/security/PrivilegedActionException'> (0x00000000eab5a4c8) thrown at [D:\re\workspace\8-2-build-windows-amd64-cygwin\jdk8u20\1074\hotspot\src\share\vm\prims\jvm.cpp, line 1275]
Event: 2.309 Thread 0x000000001647a800 Exception <a 'java/security/PrivilegedActionException'> (0x00000000eac19050) thrown at [D:\re\workspace\8-2-build-windows-amd64-cygwin\jdk8u20\1074\hotspot\src\share\vm\prims\jvm.cpp, line 1275]
Event: 2.311 Thread 0x000000001647a800 Exception <a 'java/security/PrivilegedActionException'> (0x00000000eac1eac0) thrown at [D:\re\workspace\8-2-build-windows-amd64-cygwin\jdk8u20\1074\hotspot\src\share\vm\prims\jvm.cpp, line 1275]
Event: 2.311 Thread 0x000000001647a800 Exception <a 'java/security/PrivilegedActionException'> (0x00000000eac242e8) thrown at [D:\re\workspace\8-2-build-windows-amd64-cygwin\jdk8u20\1074\hotspot\src\share\vm\prims\jvm.cpp, line 1275]
Event: 2.396 Thread 0x000000001647a800 Exception <a 'java/security/PrivilegedActionException'> (0x00000000eac95868) thrown at [D:\re\workspace\8-2-build-windows-amd64-cygwin\jdk8u20\1074\hotspot\src\share\vm\prims\jvm.cpp, line 1275]
Event: 2.423 Thread 0x0000000002942800 Exception <a 'java/security/PrivilegedActionException'> (0x00000000ead0dc30) thrown at [D:\re\workspace\8-2-build-windows-amd64-cygwin\jdk8u20\1074\hotspot\src\share\vm\prims\jvm.cpp, line 1275]
Event: 2.601 Thread 0x00000000164a0000 Exception <a 'java/security/PrivilegedActionException'> (0x00000000eaf1cc68) thrown at [D:\re\workspace\8-2-build-windows-amd64-cygwin\jdk8u20\1074\hotspot\src\share\vm\prims\jvm.cpp, line 1275]

Events (10 events):
Event: 3.924 loading class java/util/TreeMap$EntrySet
Event: 3.924 loading class java/util/TreeMap$EntrySet done
Event: 3.924 loading class java/util/TreeMap$EntryIterator
Event: 3.924 loading class java/util/TreeMap$EntryIterator done
Event: 3.924 Executing VM operation: Deoptimize
Event: 3.927 Executing VM operation: Deoptimize done
Event: 4.225 Executing VM operation: EnableBiasedLocking
Event: 4.250 Executing VM operation: EnableBiasedLocking done
Event: 5.350 Executing VM operation: ParallelGCFailedAllocation
Event: 5.387 Executing VM operation: ParallelGCFailedAllocation done


Dynamic libraries:
0x00007ff7d9910000 - 0x00007ff7d9944000 	C:\Program Files\Java\jdk1.8.0_20\bin\java.exe
0x00007ff8652c0000 - 0x00007ff86546d000 	C:\WINDOWS\SYSTEM32\ntdll.dll
0x00007ff863520000 - 0x00007ff86365e000 	C:\WINDOWS\system32\KERNEL32.DLL
0x00007ff857420000 - 0x00007ff857452000 	C:\Program Files (x86)\AVG\AVG2015\avghooka.dll
0x00007ff861500000 - 0x00007ff861615000 	C:\WINDOWS\system32\KERNELBASE.dll
0x00007ff85fd10000 - 0x00007ff85fd9e000 	C:\WINDOWS\system32\apphelp.dll
0x00007ff864350000 - 0x00007ff8643a3000 	C:\WINDOWS\AppPatch\AppPatch64\AcGenral.DLL
0x00007ff863d90000 - 0x00007ff863e3a000 	C:\WINDOWS\system32\msvcrt.dll
0x00007ff860ec0000 - 0x00007ff860eee000 	C:\WINDOWS\SYSTEM32\SspiCli.dll
0x00007ff862e90000 - 0x00007ff862ee4000 	C:\WINDOWS\system32\SHLWAPI.dll
0x00007ff863c10000 - 0x00007ff863d87000 	C:\WINDOWS\system32\USER32.dll
0x00007ff8630c0000 - 0x00007ff863254000 	C:\WINDOWS\system32\ole32.dll
0x00007ff861890000 - 0x00007ff862dbb000 	C:\WINDOWS\system32\SHELL32.dll
0x00007ff860650000 - 0x00007ff860671000 	C:\WINDOWS\SYSTEM32\USERENV.dll
0x00007ff863740000 - 0x00007ff8637ea000 	C:\WINDOWS\system32\ADVAPI32.dll
0x00007ff855720000 - 0x00007ff85573e000 	C:\WINDOWS\SYSTEM32\MPR.dll
0x00007ff8633d0000 - 0x00007ff863511000 	C:\WINDOWS\system32\RPCRT4.dll
0x00007ff8632d0000 - 0x00007ff863329000 	C:\WINDOWS\SYSTEM32\sechost.dll
0x00007ff8639d0000 - 0x00007ff863be1000 	C:\WINDOWS\SYSTEM32\combase.dll
0x00007ff863e40000 - 0x00007ff863f90000 	C:\WINDOWS\system32\GDI32.dll
0x00007ff8610f0000 - 0x00007ff861105000 	C:\WINDOWS\SYSTEM32\profapi.dll
0x00007ff85f950000 - 0x00007ff85fa02000 	C:\WINDOWS\SYSTEM32\SHCORE.dll
0x00007ff863330000 - 0x00007ff863366000 	C:\WINDOWS\system32\IMM32.DLL
0x00007ff862f60000 - 0x00007ff8630b1000 	C:\WINDOWS\system32\MSCTF.dll
0x00007ff85f4d0000 - 0x00007ff85f74a000 	C:\WINDOWS\WinSxS\amd64_microsoft.windows.common-controls_6595b64144ccf1df_6.0.9600.17810_none_6240b9c7ecbd0bda\COMCTL32.dll
0x0000000052610000 - 0x00000000526e2000 	C:\Program Files\Java\jdk1.8.0_20\jre\bin\msvcr100.dll
0x0000000052a90000 - 0x00000000532e8000 	C:\Program Files\Java\jdk1.8.0_20\jre\bin\server\jvm.dll
0x00007ff84c230000 - 0x00007ff84c239000 	C:\WINDOWS\SYSTEM32\WSOCK32.dll
0x00007ff854070000 - 0x00007ff854092000 	C:\WINDOWS\SYSTEM32\WINMM.dll
0x00007ff862dc0000 - 0x00007ff862dc7000 	C:\WINDOWS\system32\PSAPI.DLL
0x00007ff863370000 - 0x00007ff8633ca000 	C:\WINDOWS\system32\WS2_32.dll
0x00007ff8534a0000 - 0x00007ff8534ca000 	C:\WINDOWS\SYSTEM32\WINMMBASE.dll
0x00007ff863660000 - 0x00007ff863669000 	C:\WINDOWS\system32\NSI.dll
0x00007ff861270000 - 0x00007ff8612bf000 	C:\WINDOWS\SYSTEM32\cfgmgr32.dll
0x00007ff85ff10000 - 0x00007ff85ff38000 	C:\WINDOWS\SYSTEM32\DEVOBJ.dll
0x0000000052a80000 - 0x0000000052a8f000 	C:\Program Files\Java\jdk1.8.0_20\jre\bin\verify.dll
0x0000000052a50000 - 0x0000000052a78000 	C:\Program Files\Java\jdk1.8.0_20\jre\bin\java.dll
0x0000000052a30000 - 0x0000000052a46000 	C:\Program Files\Java\jdk1.8.0_20\jre\bin\zip.dll
0x00007ff85c210000 - 0x00007ff85c39a000 	C:\WINDOWS\SYSTEM32\dbghelp.dll

VM Arguments:
jvm_args: -Xmx1024M -Dfile.encoding=windows-1252 -Duser.country=IE -Duser.language=en -Duser.variant 
java_command: com.android.dx.command.Main --dex --num-threads=4 --output C:\Users\Corrina\AndroidStudioProjects\TreasureApp\app\build\intermediates\pre-dexed\debug\classes-f7bff9056dbab8a1270761f25bb91c187d574c90.jar C:\Users\Corrina\AndroidStudioProjects\TreasureApp\app\build\intermediates\exploded-aar\com.android.support\design\23.1.1\jars\classes.jar
java_class_path (initial): C:\Users\Corrina\AppData\Local\Android\sdk\build-tools\23.0.2\lib\dx.jar
Launcher Type: SUN_STANDARD

Environment Variables:
PATH=C:\ProgramData\Oracle\Java\javapath;C:\Program Files (x86)\Intel\iCLS Client\;C:\Program Files\Intel\iCLS Client\;C:\WINDOWS\system32;C:\WINDOWS;C:\WINDOWS\System32\Wbem;C:\WINDOWS\System32\WindowsPowerShell\v1.0\;C:\Program Files (x86)\Windows Live\Shared;C:\Program Files (x86)\Intel\OpenCL SDK\2.0\bin\x86;C:\Program Files (x86)\Intel\OpenCL SDK\2.0\bin\x64;C:\Program Files\Intel\Intel(R) Management Engine Components\DAL;C:\Program Files\Intel\Intel(R) Management Engine Components\IPT;C:\Program Files (x86)\Intel\Intel(R) Management Engine Components\DAL;C:\Program Files (x86)\Intel\Intel(R) Management Engine Components\IPT;C:\Program Files\Microsoft SQL Server\110\Tools\Binn\;C:\Program Files (x86)\Windows Kits\8.1\Windows Performance Toolkit\;C:\Program Files\Microsoft\Web Platform Installer\;C:\WINDOWS\system32\config\systemprofile\.dnx\bin;C:\Program Files\Microsoft DNX\Dnvm\;C:\Program Files\Microsoft SQL Server\120\Tools\Binn\
USERNAME=Corrina
OS=Windows_NT
PROCESSOR_IDENTIFIER=Intel64 Family 6 Model 58 Stepping 9, GenuineIntel



---------------  S Y S T E M  ---------------

OS: Windows 8.1 , 64 bit Build 9600 

CPU:total 2 (2 cores per cpu, 1 threads per core) family 6 model 58 stepping 9, cmov, cx8, fxsr, mmx, sse, sse2, sse3, ssse3, sse4.1, sse4.2, popcnt, clmul, erms, tsc, tscinvbit, tscinv

Memory: 4k page, physical 4077372k(228944k free), swap 7223100k(5044k free)

vm_info: Java HotSpot(TM) 64-Bit Server VM (25.20-b23) for windows-amd64 JRE (1.8.0_20-b26), built on Jul 30 2014 13:51:23 by "java_re" with MS VC++ 10.0 (VS2010)

time: Wed Mar 09 19:07:06 2016
elapsed time: 6 seconds (0d 0h 0m 6s)

